<?xml version="1.0" encoding="UTF-8"?>
<!-- Generated by org.testng.reporters.JUnitReportReporter -->
<testsuite hostname="LAPTOP-LNB0H1AU" failures="0" tests="1" name="com.Actitime.testscript.UserModule" time="4.661" errors="0" timestamp="2025-10-14T13:16:51 IST" skipped="0">
  <testcase classname="com.Actitime.testscript.UserModule" name="createUser" time="4.661"/>
</testsuite> <!-- com.Actitime.testscript.UserModule -->
