<?xml version="1.0" encoding="UTF-8"?>
<!-- Generated by org.testng.reporters.JUnitReportReporter -->
<testsuite hostname="LAPTOP-LNB0H1AU" failures="0" tests="2" name="com.Actitime.testscript.CustomerModule" time="10.206" errors="0" timestamp="2025-10-14T00:25:23 IST" skipped="0">
  <testcase classname="com.Actitime.testscript.CustomerModule" name="createCustomer" time="2.312"/>
  <testcase classname="com.Actitime.testscript.CustomerModule" name="deleteCustomer" time="7.894"/>
</testsuite> <!-- com.Actitime.testscript.CustomerModule -->
